This is pdfTeX, Version 3.14159265-2.6-1.40.18 (TeX Live 2017/W32TeX) (preloaded format=pdflatex 2017.7.24)  25 NOV 2017 10:41
entering extended mode
 restricted \write18 enabled.
 %&-line parsing enabled.
**./main_txt_10272017.tex
(./main_txt_10272017.tex
LaTeX2e <2017-04-15>
Babel <3.12> and hyphenation patterns for 84 language(s) loaded.
(./iopart.cls
Document Class: iopart 1996/06/10 v0.0 IOP Journals LaTeX article class
(./iopart12.clo
File: iopart12.clo 1997/01/15 v1.0 LaTeX2e file (size option)
)
\c@jnl=\count79
\c@section=\count80
\c@subsection=\count81
\c@subsubsection=\count82
\c@paragraph=\count83
\c@subparagraph=\count84
\c@figure=\count85
\c@table=\count86
\abovecaptionskip=\skip41
\belowcaptionskip=\skip42
\indentedwidth=\skip43
\mathindent=\dimen102
\c@eqnval=\count87
) (c:/texlive/2017/texmf-dist/tex/latex/graphics/graphicx.sty
Package: graphicx 2017/06/01 v1.1a Enhanced LaTeX Graphics (DPC,SPQR)

(c:/texlive/2017/texmf-dist/tex/latex/graphics/keyval.sty
Package: keyval 2014/10/28 v1.15 key=value parser (DPC)
\KV@toks@=\toks14
)
(c:/texlive/2017/texmf-dist/tex/latex/graphics/graphics.sty
Package: graphics 2017/06/25 v1.2c Standard LaTeX Graphics (DPC,SPQR)

(c:/texlive/2017/texmf-dist/tex/latex/graphics/trig.sty
Package: trig 2016/01/03 v1.10 sin cos tan (DPC)
)
(c:/texlive/2017/texmf-dist/tex/latex/graphics-cfg/graphics.cfg
File: graphics.cfg 2016/06/04 v1.11 sample graphics configuration
)
Package graphics Info: Driver file: pdftex.def on input line 99.

(c:/texlive/2017/texmf-dist/tex/latex/graphics-def/pdftex.def
File: pdftex.def 2017/06/24 v1.0g Graphics/color driver for pdftex
))
\Gin@req@height=\dimen103
\Gin@req@width=\dimen104
)
(c:/texlive/2017/texmf-dist/tex/latex/amsmath/amsmath.sty
Package: amsmath 2016/11/05 v2.16a AMS math features
\@mathmargin=\skip44

For additional information on amsmath, use the `?' option.
(c:/texlive/2017/texmf-dist/tex/latex/amsmath/amstext.sty
Package: amstext 2000/06/29 v2.01 AMS text

(c:/texlive/2017/texmf-dist/tex/latex/amsmath/amsgen.sty
File: amsgen.sty 1999/11/30 v2.0 generic functions
\@emptytoks=\toks15
\ex@=\dimen105
))
(c:/texlive/2017/texmf-dist/tex/latex/amsmath/amsbsy.sty
Package: amsbsy 1999/11/29 v1.2d Bold Symbols
\pmbraise@=\dimen106
)
(c:/texlive/2017/texmf-dist/tex/latex/amsmath/amsopn.sty
Package: amsopn 2016/03/08 v2.02 operator names
)
\inf@bad=\count88
LaTeX Info: Redefining \frac on input line 213.
\uproot@=\count89
\leftroot@=\count90
LaTeX Info: Redefining \overline on input line 375.
\classnum@=\count91
\DOTSCASE@=\count92
LaTeX Info: Redefining \ldots on input line 472.
LaTeX Info: Redefining \dots on input line 475.
LaTeX Info: Redefining \cdots on input line 596.
\Mathstrutbox@=\box26
\strutbox@=\box27
\big@size=\dimen107
LaTeX Font Info:    Redeclaring font encoding OML on input line 712.
LaTeX Font Info:    Redeclaring font encoding OMS on input line 713.
\macc@depth=\count93
\c@MaxMatrixCols=\count94
\dotsspace@=\muskip10
\c@parentequation=\count95
\dspbrk@lvl=\count96
\tag@help=\toks16
\row@=\count97
\column@=\count98
\maxfields@=\count99
\andhelp@=\toks17
\eqnshift@=\dimen108
\alignsep@=\dimen109
\tagshift@=\dimen110
\tagwidth@=\dimen111
\totwidth@=\dimen112
\lineht@=\dimen113
\@envbody=\toks18
\multlinegap=\skip45
\multlinetaggap=\skip46
\mathdisplay@stack=\toks19


! LaTeX Error: Command \equation* already defined.
               Or name \end... illegal, see p.192 of the manual.

See the LaTeX manual or LaTeX Companion for explanation.
Type  H <return>  for immediate help.
 ...                                              
                                                  
l.2816 }
        
Your command was ignored.
Type  I <command> <return>  to replace it with another command,
or  <return>  to continue without it.

LaTeX Info: Redefining \[ on input line 2817.
LaTeX Info: Redefining \] on input line 2818.
) (c:/texlive/2017/texmf-dist/tex/latex/oberdiek/grffile.sty
Package: grffile 2016/05/16 v1.17 Extended file name support for graphics (HO)

(c:/texlive/2017/texmf-dist/tex/generic/oberdiek/ifpdf.sty
Package: ifpdf 2017/03/15 v3.2 Provides the ifpdf switch
)
(c:/texlive/2017/texmf-dist/tex/generic/ifxetex/ifxetex.sty
Package: ifxetex 2010/09/12 v0.6 Provides ifxetex conditional
)
(c:/texlive/2017/texmf-dist/tex/latex/oberdiek/kvoptions.sty
Package: kvoptions 2016/05/16 v3.12 Key value format for package options (HO)

(c:/texlive/2017/texmf-dist/tex/generic/oberdiek/ltxcmds.sty
Package: ltxcmds 2016/05/16 v1.23 LaTeX kernel commands for general use (HO)
)
(c:/texlive/2017/texmf-dist/tex/generic/oberdiek/kvsetkeys.sty
Package: kvsetkeys 2016/05/16 v1.17 Key value parser (HO)

(c:/texlive/2017/texmf-dist/tex/generic/oberdiek/infwarerr.sty
Package: infwarerr 2016/05/16 v1.4 Providing info/warning/error messages (HO)
)
(c:/texlive/2017/texmf-dist/tex/generic/oberdiek/etexcmds.sty
Package: etexcmds 2016/05/16 v1.6 Avoid name clashes with e-TeX commands (HO)

(c:/texlive/2017/texmf-dist/tex/generic/oberdiek/ifluatex.sty
Package: ifluatex 2016/05/16 v1.4 Provides the ifluatex switch (HO)
Package ifluatex Info: LuaTeX not detected.
)
Package etexcmds Info: Could not find \expanded.
(etexcmds)             That can mean that you are not using pdfTeX 1.50 or
(etexcmds)             that some package has redefined \expanded.
(etexcmds)             In the latter case, load this package earlier.
)))
(c:/texlive/2017/texmf-dist/tex/generic/oberdiek/pdftexcmds.sty
Package: pdftexcmds 2017/03/19 v0.25 Utility functions of pdfTeX for LuaTeX (HO
)
Package pdftexcmds Info: LuaTeX not detected.
Package pdftexcmds Info: \pdf@primitive is available.
Package pdftexcmds Info: \pdf@ifprimitive is available.
Package pdftexcmds Info: \pdfdraftmode found.
)
Package grffile Info: Option `multidot' is set to `true'.
Package grffile Info: Option `extendedchars' is set to `false'.
Package grffile Info: Option `space' is set to `true'.
Package grffile Info: \Gin@ii of package `graphicx' fixed on input line 486.
)
(c:/texlive/2017/texmf-dist/tex/latex/oberdiek/epstopdf.sty
Package: epstopdf 2016/05/15 v2.6 Conversion with epstopdf on the fly (HO)

(c:/texlive/2017/texmf-dist/tex/latex/oberdiek/epstopdf-base.sty
Package: epstopdf-base 2016/05/15 v2.6 Base part for package epstopdf

(c:/texlive/2017/texmf-dist/tex/latex/oberdiek/grfext.sty
Package: grfext 2016/05/16 v1.2 Manage graphics extensions (HO)

(c:/texlive/2017/texmf-dist/tex/generic/oberdiek/kvdefinekeys.sty
Package: kvdefinekeys 2016/05/16 v1.4 Define keys (HO)
))
Package epstopdf-base Info: Redefining graphics rule for `.eps' on input line 4
38.
Package grfext Info: Graphics extension search list:
(grfext)             [.pdf,.png,.jpg,.mps,.jpeg,.jbig2,.jb2,.PDF,.PNG,.JPG,.JPE
G,.JBIG2,.JB2,.eps]
(grfext)             \AppendGraphicsExtensions on input line 456.

(c:/texlive/2017/texmf-dist/tex/latex/latexconfig/epstopdf-sys.cfg
File: epstopdf-sys.cfg 2010/07/13 v1.3 Configuration of (r)epstopdf for TeX Liv
e
)))
(c:/texlive/2017/texmf-dist/tex/latex/csquotes/csquotes.sty
Package: csquotes 2017/03/11 v5.2b context-sensitive quotations (JAW)

(c:/texlive/2017/texmf-dist/tex/latex/etoolbox/etoolbox.sty
Package: etoolbox 2017/01/02 v2.4 e-TeX tools for LaTeX (JAW)
\etb@tempcnta=\count100
)
\csq@reset=\count101
\csq@gtype=\count102
\csq@glevel=\count103
\csq@qlevel=\count104
\csq@maxlvl=\count105
\csq@tshold=\count106
\csq@ltx@everypar=\toks20

(c:/texlive/2017/texmf-dist/tex/latex/csquotes/csquotes.def
File: csquotes.def 2017/03/11 v5.2b csquotes generic definitions (JAW)
)
Package csquotes Info: Trying to load configuration file 'csquotes.cfg'...
Package csquotes Info: ... configuration file loaded successfully.

(c:/texlive/2017/texmf-dist/tex/latex/csquotes/csquotes.cfg
File: csquotes.cfg 
)
Package csquotes Info: Enabling multilingual quotes.
Package csquotes Info: Redefining alias 'italian' -> 'italian/guillemets'.
)
(c:/texlive/2017/texmf-dist/tex/latex/biblatex/biblatex.sty
Package: biblatex 2016/12/05 v3.7 programmable bibliographies (PK/JW/AB)

(c:/texlive/2017/texmf-dist/tex/latex/logreq/logreq.sty
Package: logreq 2010/08/04 v1.0 xml request logger
\lrq@indent=\count107

(c:/texlive/2017/texmf-dist/tex/latex/logreq/logreq.def
File: logreq.def 2010/08/04 v1.0 logreq spec v1.0
))
(c:/texlive/2017/texmf-dist/tex/latex/base/ifthen.sty
Package: ifthen 2014/09/29 v1.1c Standard LaTeX ifthen package (DPC)
)
(c:/texlive/2017/texmf-dist/tex/latex/url/url.sty
\Urlmuskip=\muskip11
Package: url 2013/09/16  ver 3.4  Verb mode for urls, etc.
)
(c:/texlive/2017/texmf-dist/tex/generic/xstring/xstring.sty
(c:/texlive/2017/texmf-dist/tex/generic/xstring/xstring.tex
\@xs@message=\write3
\integerpart=\count108
\decimalpart=\count109
)
Package: xstring 2013/10/13  v1.7c  String manipulations (C Tellechea)
)
\c@tabx@nest=\count110
\c@listtotal=\count111
\c@listcount=\count112
\c@liststart=\count113
\c@liststop=\count114
\c@citecount=\count115
\c@citetotal=\count116
\c@multicitecount=\count117
\c@multicitetotal=\count118
\c@instcount=\count119
\c@maxnames=\count120
\c@minnames=\count121
\c@maxitems=\count122
\c@minitems=\count123
\c@citecounter=\count124
\c@savedcitecounter=\count125
\c@uniquelist=\count126
\c@uniquename=\count127
\c@refsection=\count128
\c@refsegment=\count129
\c@maxextratitle=\count130
\c@maxextratitleyear=\count131
\c@maxextrayear=\count132
\c@maxextraalpha=\count133
\c@abbrvpenalty=\count134
\c@highnamepenalty=\count135
\c@lownamepenalty=\count136
\c@maxparens=\count137
\c@parenlevel=\count138
\blx@tempcnta=\count139
\blx@tempcntb=\count140
\blx@tempcntc=\count141
\blx@maxsection=\count142
\blx@maxsegment@0=\count143
\blx@notetype=\count144
\blx@parenlevel@text=\count145
\blx@parenlevel@foot=\count146
\blx@sectionciteorder@0=\count147
\labelnumberwidth=\skip47
\labelalphawidth=\skip48
\biblabelsep=\skip49
\bibitemsep=\skip50
\bibnamesep=\skip51
\bibinitsep=\skip52
\bibparsep=\skip53
\bibhang=\skip54
\blx@bcfin=\read1
\blx@bcfout=\write4
\c@mincomprange=\count148
\c@maxcomprange=\count149
\c@mincompwidth=\count150
Package biblatex Info: Trying to load biblatex default data model...
Package biblatex Info: ... file 'blx-dm.def' found.

(c:/texlive/2017/texmf-dist/tex/latex/biblatex/blx-dm.def)
Package biblatex Info: Trying to load biblatex style data model...
Package biblatex Info: ... file 'authoryear-icomp.dbx' not found.
Package biblatex Info: Trying to load biblatex custom data model...
Package biblatex Info: ... file 'biblatex-dm.cfg' not found.
\c@afterword=\count151
\c@savedafterword=\count152
\c@annotator=\count153
\c@savedannotator=\count154
\c@author=\count155
\c@savedauthor=\count156
\c@bookauthor=\count157
\c@savedbookauthor=\count158
\c@commentator=\count159
\c@savedcommentator=\count160
\c@editor=\count161
\c@savededitor=\count162
\c@editora=\count163
\c@savededitora=\count164
\c@editorb=\count165
\c@savededitorb=\count166
\c@editorc=\count167
\c@savededitorc=\count168
\c@foreword=\count169
\c@savedforeword=\count170
\c@holder=\count171
\c@savedholder=\count172
\c@introduction=\count173
\c@savedintroduction=\count174
\c@namea=\count175
\c@savednamea=\count176
\c@nameb=\count177
\c@savednameb=\count178
\c@namec=\count179
\c@savednamec=\count180
\c@translator=\count181
\c@savedtranslator=\count182
\c@shortauthor=\count183
\c@savedshortauthor=\count184
\c@shorteditor=\count185
\c@savedshorteditor=\count186
\c@labelname=\count187
\c@savedlabelname=\count188
\c@institution=\count189
\c@savedinstitution=\count190
\c@lista=\count191
\c@savedlista=\count192
\c@listb=\count193
\c@savedlistb=\count194
\c@listc=\count195
\c@savedlistc=\count196
\c@listd=\count197
\c@savedlistd=\count198
\c@liste=\count199
\c@savedliste=\count266
\c@listf=\count267
\c@savedlistf=\count268
\c@location=\count269
\c@savedlocation=\count270
\c@organization=\count271
\c@savedorganization=\count272
\c@origlocation=\count273
\c@savedoriglocation=\count274
\c@origpublisher=\count275
\c@savedorigpublisher=\count276
\c@publisher=\count277
\c@savedpublisher=\count278
\c@language=\count279
\c@savedlanguage=\count280
\c@pageref=\count281
\c@savedpageref=\count282
\shorthandwidth=\skip55
\shortjournalwidth=\skip56
\shortserieswidth=\skip57
\shorttitlewidth=\skip58
\shortauthorwidth=\skip59
\shorteditorwidth=\skip60
Package biblatex Info: Trying to load compatibility code...
Package biblatex Info: ... file 'blx-compat.def' found.

(c:/texlive/2017/texmf-dist/tex/latex/biblatex/blx-compat.def
File: blx-compat.def 2016/12/05 v3.7 biblatex compatibility (PK/JW/AB)
)
Package biblatex Info: Trying to load generic definitions...
Package biblatex Info: ... file 'biblatex.def' found.

(c:/texlive/2017/texmf-dist/tex/latex/biblatex/biblatex.def
File: biblatex.def 2016/12/05 v3.7 biblatex compatibility (PK/JW/AB)
\c@textcitecount=\count283
\c@textcitetotal=\count284
\c@textcitemaxnames=\count285
\c@biburlnumpenalty=\count286
\c@biburlucpenalty=\count287
\c@biburllcpenalty=\count288
\c@smartand=\count289
)
Package biblatex Info: Trying to load bibliography style 'authoryear-icomp'...
Package biblatex Info: ... file 'authoryear-icomp.bbx' found.

(c:/texlive/2017/texmf-dist/tex/latex/biblatex/bbx/authoryear-icomp.bbx
File: authoryear-icomp.bbx 2016/12/05 v3.7 biblatex bibliography style (PK/JW/A
B)
Package biblatex Info: Trying to load bibliography style 'authoryear'...
Package biblatex Info: ... file 'authoryear.bbx' found.

(c:/texlive/2017/texmf-dist/tex/latex/biblatex/bbx/authoryear.bbx
File: authoryear.bbx 2016/12/05 v3.7 biblatex bibliography style (PK/JW/AB)
Package biblatex Info: Trying to load bibliography style 'standard'...
Package biblatex Info: ... file 'standard.bbx' found.

(c:/texlive/2017/texmf-dist/tex/latex/biblatex/bbx/standard.bbx
File: standard.bbx 2016/12/05 v3.7 biblatex bibliography style (PK/JW/AB)
\c@bbx:relatedcount=\count290
\c@bbx:relatedtotal=\count291
)))
Package biblatex Info: Trying to load citation style 'authoryear-icomp'...
Package biblatex Info: ... file 'authoryear-icomp.cbx' found.

(c:/texlive/2017/texmf-dist/tex/latex/biblatex/cbx/authoryear-icomp.cbx
File: authoryear-icomp.cbx 2016/12/05 v3.7 biblatex citation style (PK/JW/AB)
Package biblatex Info: Redefining '\cite'.
Package biblatex Info: Redefining '\parencite'.
Package biblatex Info: Redefining '\footcite'.
Package biblatex Info: Redefining '\footcitetext'.
Package biblatex Info: Redefining '\smartcite'.
Package biblatex Info: Redefining '\textcite'.
Package biblatex Info: Redefining '\textcites'.
Package biblatex Info: Redefining '\cites'.
Package biblatex Info: Redefining '\parencites'.
Package biblatex Info: Redefining '\footcites'.
Package biblatex Info: Redefining '\footcitetexts'.
Package biblatex Info: Redefining '\smartcites'.
)
Package biblatex Info: Trying to load configuration file...
Package biblatex Info: ... file 'biblatex.cfg' found.

(c:/texlive/2017/texmf-dist/tex/latex/biblatex/biblatex.cfg
File: biblatex.cfg 
))
(c:/texlive/2017/texmf-dist/tex/latex/algorithms/algorithm.sty
Package: algorithm 2009/08/24 v0.1 Document Style `algorithm' - floating enviro
nment

(c:/texlive/2017/texmf-dist/tex/latex/float/float.sty
Package: float 2001/11/08 v1.3d Float enhancements (AL)
\c@float@type=\count292
\float@exts=\toks21
\float@box=\box28
\@float@everytoks=\toks22
\@floatcapt=\box29
)
\@float@every@algorithm=\toks23
\c@algorithm=\count293
)
(c:/texlive/2017/texmf-dist/tex/latex/algorithmicx/algpseudocode.sty
Package: algpseudocode 

(c:/texlive/2017/texmf-dist/tex/latex/algorithmicx/algorithmicx.sty
Package: algorithmicx 2005/04/27 v1.2 Algorithmicx

Document Style algorithmicx 1.2 - a greatly improved `algorithmic' style
\c@ALG@line=\count294
\c@ALG@rem=\count295
\c@ALG@nested=\count296
\ALG@tlm=\skip61
\ALG@thistlm=\skip62
\c@ALG@Lnr=\count297
\c@ALG@blocknr=\count298
\c@ALG@storecount=\count299
\c@ALG@tmpcounter=\count300
\ALG@tmplength=\skip63
)
Document Style - pseudocode environments for use with the `algorithmicx' style
)
Package csquotes Info: Checking for multilingual support...
Package csquotes Info: ... none found.


Package csquotes Warning: No multilingual support.
(csquotes)                Cannot enable multilingual quotes on input line 21.

Package biblatex Info: Trying to load language 'english'...
Package biblatex Info: ... file 'english.lbx' found.
(c:/texlive/2017/texmf-dist/tex/latex/biblatex/lbx/english.lbx
File: english.lbx 2016/12/05 v3.7 biblatex localization (PK/JW/AB)
)
(./main_txt_10272017.aux

LaTeX Warning: Label `eqn:erders' multiply defined.

)
\openout1 = `main_txt_10272017.aux'.

LaTeX Font Info:    Checking defaults for OML/cmm/m/it on input line 21.
LaTeX Font Info:    ... okay on input line 21.
LaTeX Font Info:    Checking defaults for T1/cmr/m/n on input line 21.
LaTeX Font Info:    ... okay on input line 21.
LaTeX Font Info:    Checking defaults for OT1/cmr/m/n on input line 21.
LaTeX Font Info:    ... okay on input line 21.
LaTeX Font Info:    Checking defaults for OMS/cmsy/m/n on input line 21.
LaTeX Font Info:    ... okay on input line 21.
LaTeX Font Info:    Checking defaults for OMX/cmex/m/n on input line 21.
LaTeX Font Info:    ... okay on input line 21.
LaTeX Font Info:    Checking defaults for U/cmr/m/n on input line 21.
LaTeX Font Info:    ... okay on input line 21.
 (c:/texlive/2017/texmf-dist/tex/context/base/mkii/supp-pdf.mkii
[Loading MPS to PDF converter (version 2006.09.02).]
\scratchcounter=\count301
\scratchdimen=\dimen114
\scratchbox=\box30
\nofMPsegments=\count302
\nofMParguments=\count303
\everyMPshowfont=\toks24
\MPscratchCnt=\count304
\MPscratchDim=\dimen115
\MPnumerator=\count305
\makeMPintoPDFobject=\count306
\everyMPtoPDFconversion=\toks25
)
Package biblatex Info: No input encoding detected.
(biblatex)             Assuming 'ascii'.
Package biblatex Info: Automatic encoding selection.
(biblatex)             Assuming data encoding 'ascii'.
\openout4 = `main_txt_10272017.bcf'.

Package biblatex Info: Trying to load bibliographic data...
Package biblatex Info: ... file 'main_txt_10272017.bbl' not found.

No file main_txt_10272017.bbl.
Package biblatex Info: Reference section=0 on input line 21.
Package biblatex Info: Reference segment=0 on input line 21.

Underfull \hbox (badness 1609) in paragraph at lines 35--40
\OT1/cmr/m/n/10 achieved through increased computational power, efficient learn
ing algorithms,
 []


LaTeX Warning: Citation 'wolpaw2000brain' on page 1 undefined on input line 45.



LaTeX Warning: Citation 'lotte2007review' on page 1 undefined on input line 46.



LaTeX Warning: Citation 'hallez2007review' on page 1 undefined on input line 46
.

[1

{c:/texlive/2017/texmf-var/fonts/map/pdftex/updmap/pdftex.map}]

LaTeX Warning: Citation 'pfurtscheller2010hybrid' on page 2 undefined on input 
line 48.


LaTeX Warning: Citation 'fazli2012enhanced' on page 2 undefined on input line 4
8.


Underfull \hbox (badness 2799) in paragraph at lines 48--49
[]\OT1/cmr/m/n/12 In the last years, BCI studies investigated the possibility o
f combining
 []


LaTeX Warning: Citation 'farroni2013infant' on page 2 undefined on input line 5
0.


LaTeX Warning: Citation 'costantini2013studying' on page 2 undefined on input l
ine 50.


LaTeX Warning: Citation 'zappasodi2017prognostic' on page 2 undefined on input 
line 50.


LaTeX Warning: Citation 'watanabe1999neonatal' on page 2 undefined on input lin
e 50.


LaTeX Warning: Citation 'villringer1997non' on page 2 undefined on input line 5
0.


LaTeX Warning: Citation 'ferrari2012brief' on page 2 undefined on input line 50
.


LaTeX Warning: Citation 'chiarelli2016combining' on page 2 undefined on input l
ine 50.


LaTeX Warning: Citation 'chiarelli2015comparison' on page 2 undefined on input 
line 50.


LaTeX Warning: Citation 'croce2017exploiting' on page 2 undefined on input line
 52.


LaTeX Warning: Citation 'fazli2012enhanced' on page 2 undefined on input line 5
2.


LaTeX Warning: Citation 'khan2014decoding' on page 2 undefined on input line 52
.


LaTeX Warning: Citation 'hong2015classification' on page 2 undefined on input l
ine 52.


LaTeX Warning: Citation 'chiarelli2017simultaneous' on page 2 undefined on inpu
t line 52.


LaTeX Warning: Citation 'nuwer1988quantitative' on page 2 undefined on input li
ne 56.


LaTeX Warning: Citation 'pfurtscheller2001functional' on page 2 undefined on in
put line 56.


LaTeX Warning: Citation 'pfurtscheller2006future' on page 2 undefined on input 
line 56.


LaTeX Warning: Citation 'steinbrink2006illuminating' on page 2 undefined on inp
ut line 57.


LaTeX Warning: Citation 'naseer2015fnirs' on page 2 undefined on input line 57.



Underfull \hbox (badness 1394) in paragraph at lines 56--58
\OT1/cmr/m/n/12 are generally computed from HbO and Hb variations in the brain 
which are
 []


LaTeX Warning: Citation 'Fazli_2012' on page 2 undefined on input line 62.


LaTeX Warning: Citation 'ma2012hybrid' on page 2 undefined on input line 62.


LaTeX Warning: Citation 'lee2014hybrid' on page 2 undefined on input line 62.


LaTeX Warning: Citation 'buccino2016hybrid' on page 2 undefined on input line 6
2.


LaTeX Warning: Citation 'khan2014decoding' on page 2 undefined on input line 62
.


LaTeX Warning: Citation 'khan2017hybrid' on page 2 undefined on input line 62.

[2]

LaTeX Warning: Citation 'lecun2015deep' on page 3 undefined on input line 65.


LaTeX Warning: Citation 'schmidhuber2015deep' on page 3 undefined on input line
 65.


LaTeX Warning: Citation 'bianchini2014complexity' on page 3 undefined on input 
line 65.


LaTeX Warning: Citation 'simonyan2014very' on page 3 undefined on input line 65
.


LaTeX Warning: Citation 'hinton2012deep' on page 3 undefined on input line 65.


LaTeX Warning: Citation 'collobert2008unified' on page 3 undefined on input lin
e 65.


LaTeX Warning: Citation 'krizhevsky2012imagenet' on page 3 undefined on input l
ine 65.


LaTeX Warning: Citation 'ronneberger2015u' on page 3 undefined on input line 65
.


LaTeX Warning: Citation 'hudson2000neural' on page 3 undefined on input line 65
.


LaTeX Warning: Citation 'ciresan2012deep' on page 3 undefined on input line 65.



Underfull \hbox (badness 1527) in paragraph at lines 65--69
\OT1/cmr/m/n/12 layer uses the output from the previous layer as input and all,
 or part, of
 []


Underfull \hbox (badness 1852) in paragraph at lines 65--69
\OT1/cmr/m/n/12 the neurons from consecutive layers are connected. DNN can perf
orm very
 []


Underfull \hbox (badness 1178) in paragraph at lines 65--69
\OT1/cmr/m/n/12 In fact, they can reach unprecedented classification outcomes w
hen applied to
 []


Underfull \hbox (badness 2269) in paragraph at lines 65--69
\OT1/cmr/m/n/12 field ([]; []; []). Multiple
 []


LaTeX Warning: Citation 'kingma2014adam' on page 3 undefined on input line 71.


LaTeX Warning: Citation 'dahl2013improving' on page 3 undefined on input line 7
2.


LaTeX Warning: Citation 'maas2013rectifier' on page 3 undefined on input line 7
2.


LaTeX Warning: Citation 'pascanu2013difficulty' on page 3 undefined on input li
ne 72.


LaTeX Warning: Citation 'hecht1988theory' on page 3 undefined on input line 72.



Underfull \hbox (badness 1571) in paragraph at lines 72--73
\OT1/cmr/m/n/12 Unit Function, ReLU function ([]; []))
 []


LaTeX Warning: Citation 'krizhevsky2012imagenet' on page 3 undefined on input l
ine 73.


LaTeX Warning: Citation 'kalchbrenner2014convolutional' on page 3 undefined on 
input line 73.

[3]

LaTeX Warning: Citation 'mikolov2010recurrent' on page 4 undefined on input lin
e 74.


LaTeX Warning: Citation 'hochreiter1997long' on page 4 undefined on input line 
74.


Underfull \hbox (badness 2088) in paragraph at lines 74--75
\OT1/cmr/m/n/12 in a sequential manner that allow information storage (Recurren
t Neural
 []


LaTeX Warning: Citation 'jirayucharoensak2014eeg' on page 4 undefined on input 
line 77.


LaTeX Warning: Citation 'hajinoroozi2015feature' on page 4 undefined on input l
ine 78.


LaTeX Warning: Citation 'an2014deep' on page 4 undefined on input line 79.


LaTeX Warning: Citation 'bashivan2015learning' on page 4 undefined on input lin
e 80.


LaTeX Warning: Citation 'hennrich2015investigating' on page 4 undefined on inpu
t line 82.


LaTeX Warning: Citation 'abibullaev2011neural' on page 4 undefined on input lin
e 82.


LaTeX Warning: Citation 'nguyen2013temporal' on page 4 undefined on input line 
82.


LaTeX Warning: Citation 'pfurtscheller1997motor' on page 4 undefined on input l
ine 84.


LaTeX Warning: Citation 'govindan2016novel' on page 4 undefined on input line 8
4.


Underfull \hbox (badness 1248) in paragraph at lines 84--85
\OT1/cmr/m/n/12 ([]), Left vs Right classification accuracy of a DNN in the
 []

<Slide1.JPG, id=23, 722.7pt x 542.025pt>
File: Slide1.JPG Graphic file (type jpg)
<use Slide1.JPG>
Package pdftex.def Info: Slide1.JPG  used on input line 87. on input line 87.
Package pdftex.def Info: Requested size: 446.39996pt x 334.80316pt on input lin
e 87.
[4]
<Slide2.JPG, id=27, 722.7pt x 542.025pt>
File: Slide2.JPG Graphic file (type jpg)
<use Slide2.JPG>
Package pdftex.def Info: Slide2.JPG  used on input line 99. on input line 99.
Package pdftex.def Info: Requested size: 446.39996pt x 334.80316pt on input lin
e 99.
 [5 <./Slide1.JPG>] [6 <./Slide2.JPG>]

LaTeX Warning: Citation 'gagnon2014further' on page 7 undefined on input line 1
21.


LaTeX Warning: Citation 'sassaroli2004comment' on page 7 undefined on input lin
e 131.


LaTeX Warning: Citation 'zijlstra1991absorption' on page 7 undefined on input l
ine 149.


LaTeX Warning: Citation 'scholkmann2013general' on page 7 undefined on input li
ne 149.

[7]
<Slide3.JPG, id=44, 722.7pt x 542.025pt>
File: Slide3.JPG Graphic file (type jpg)
<use Slide3.JPG>
Package pdftex.def Info: Slide3.JPG  used on input line 168. on input line 168.

Package pdftex.def Info: Requested size: 446.39996pt x 334.80316pt on input lin
e 168.


LaTeX Warning: Citation 'hecht1988theory' on page 8 undefined on input line 178
.


LaTeX Warning: Citation 'mackay1996hyperparameters' on page 8 undefined on inpu
t line 180.


LaTeX Warning: Citation 'snoek2012practical' on page 8 undefined on input line 
180.


LaTeX Warning: Citation 'bengio2000gradient' on page 8 undefined on input line 
180.


Underfull \hbox (badness 2653) in paragraph at lines 177--181
\OT1/cmr/m/n/12 DNNs allow computational models that are composed of multiple p
rocessing
 []


Underfull \hbox (badness 2351) in paragraph at lines 177--181
\OT1/cmr/m/n/12 with multiple levels of abstraction. DNNs find complex structur
e in data-
 []


Underfull \hbox (badness 2573) in paragraph at lines 177--181
\OT1/cmr/m/n/12 sets by using the backpropagation algorithm ([]) that guides
 []


Underfull \hbox (badness 2035) in paragraph at lines 177--181
\OT1/cmr/m/n/12 changes in Networks' parameters that are sequentially updated i
n each layer
 []


Underfull \hbox (badness 1762) in paragraph at lines 177--181
\OT1/cmr/m/n/12 from the representation in the previous layer. Whereas Network 
parameters
 []


Underfull \hbox (badness 4144) in paragraph at lines 177--181
\OT1/cmr/m/n/12 a priori or determined through computationally demanding hyper-
parameters
 []


Underfull \hbox (badness 4193) in paragraph at lines 177--181
\OT1/cmr/m/n/12 optimization algorithms ([]; [];
 []


LaTeX Warning: Citation 'dahl2013improving' on page 8 undefined on input line 1
86.

[8] [9 <./Slide3.JPG>]

LaTeX Warning: Citation 'sutskever2013importance' on page 10 undefined on input
 line 215.


LaTeX Warning: Citation 'hastie2009overview' on page 10 undefined on input line
 217.


LaTeX Warning: Citation 'murphy2012machine' on page 10 undefined on input line 
227.


LaTeX Warning: Citation 'kingma2014adam' on page 10 undefined on input line 231
.


LaTeX Warning: Citation 'kingma2014adam' on page 10 undefined on input line 233
.


LaTeX Warning: Citation 'kohavi1995study' on page 10 undefined on input line 23
5.


LaTeX Warning: Citation 'abadi2016tensorflow' on page 10 undefined on input lin
e 240.

[10]

LaTeX Warning: Citation 'balakrishnama1998linear' on page 11 undefined on input
 line 243.


LaTeX Warning: Citation 'cortes1995support' on page 11 undefined on input line 
244.


Underfull \hbox (badness 2343) in paragraph at lines 242--247
[]\OT1/cmr/m/n/12 DNN performances were compared to LDA and linear SVM. LDA is 
a
 []

<Slide4.JPG, id=57, 722.7pt x 542.025pt>
File: Slide4.JPG Graphic file (type jpg)
<use Slide4.JPG>
Package pdftex.def Info: Slide4.JPG  used on input line 264. on input line 264.

Package pdftex.def Info: Requested size: 446.39996pt x 334.80316pt on input lin
e 264.
<Slide5.JPG, id=58, 722.7pt x 542.025pt>
File: Slide5.JPG Graphic file (type jpg)
<use Slide5.JPG>
Package pdftex.def Info: Slide5.JPG  used on input line 271. on input line 271.

Package pdftex.def Info: Requested size: 446.39996pt x 334.80316pt on input lin
e 271.
<Slide6.JPG, id=59, 722.7pt x 542.025pt>
File: Slide6.JPG Graphic file (type jpg)
<use Slide6.JPG>
Package pdftex.def Info: Slide6.JPG  used on input line 280. on input line 280.

Package pdftex.def Info: Requested size: 446.39996pt x 334.80316pt on input lin
e 280.
[11] [12 <./Slide4.JPG>] [13 <./Slide5.JPG>] [14 <./Slide6.JPG>]

LaTeX Warning: Citation 'wolpaw2000brain' on page 15 undefined on input line 30
3.


LaTeX Warning: Citation 'pfurtscheller2010hybrid' on page 15 undefined on input
 line 305.


LaTeX Warning: Citation 'fazli2012enhanced' on page 15 undefined on input line 
305.


LaTeX Warning: Citation 'khan2014decoding' on page 15 undefined on input line 3
05.


LaTeX Warning: Citation 'hong2015classification' on page 15 undefined on input 
line 305.


LaTeX Warning: Citation 'croce2016eeg' on page 15 undefined on input line 305.


LaTeX Warning: Citation 'chiarelli2017simultaneous' on page 15 undefined on inp
ut line 305.


Underfull \hbox (badness 1735) in paragraph at lines 305--306
[]\OT1/cmr/m/n/12 Within the neural activity recording modalities, multimodal m
onitoring is
 []


Underfull \hbox (badness 3179) in paragraph at lines 305--306
\OT1/cmr/m/n/12 receiving increased interest. In fact, because of the multiple 
physiological
 []


Underfull \hbox (badness 1371) in paragraph at lines 305--306
\OT1/cmr/m/n/12 over the years to study brain signals coming from different neu
rophysiological
 []


LaTeX Warning: Citation 'lecun2015deep' on page 15 undefined on input line 307.


[15]

LaTeX Warning: Citation 'ma2012hybrid' on page 16 undefined on input line 314.


LaTeX Warning: Citation 'lee2014hybrid' on page 16 undefined on input line 314.



LaTeX Warning: Citation 'buccino2016hybrid' on page 16 undefined on input line 
314.


LaTeX Warning: Citation 'khan2014decoding' on page 16 undefined on input line 3
14.


LaTeX Warning: Citation 'khan2017hybrid' on page 16 undefined on input line 314
.


LaTeX Warning: Citation 'krizhevsky2012imagenet' on page 16 undefined on input 
line 317.


LaTeX Warning: Citation 'kalchbrenner2014convolutional' on page 16 undefined on
 input line 317.


LaTeX Warning: Citation 'mikolov2010recurrent' on page 16 undefined on input li
ne 317.


LaTeX Warning: Citation 'hochreiter1997long' on page 16 undefined on input line
 317.


LaTeX Warning: Citation 'pfurtscheller1997motor' on page 16 undefined on input 
line 318.


Underfull \hbox (badness 2762) in paragraph at lines 316--319
\OT1/cmr/m/n/12 an RNN (encoding the sequential order of features ([];
 []

[16]

LaTeX Warning: Citation 'park1991universal' on page 17 undefined on input line 
321.

[17]

LaTeX Warning: Empty bibliography on input line 334.

(./main_txt_10272017.aux)

LaTeX Warning: There were undefined references.


LaTeX Warning: There were multiply-defined labels.


Package biblatex Warning: Please (re)run Biber on the file:
(biblatex)                main_txt_10272017
(biblatex)                and rerun LaTeX afterwards.

Package logreq Info: Writing requests to 'main_txt_10272017.run.xml'.
\openout1 = `main_txt_10272017.run.xml'.

 ) 
Here is how much of TeX's memory you used:
 9927 strings out of 492990
 164226 string characters out of 6136334
 620400 words of memory out of 5000000
 13379 multiletter control sequences out of 15000+600000
 9895 words of font info for 36 fonts, out of 8000000 for 9000
 1141 hyphenation exceptions out of 8191
 36i,9n,30p,1606b,1132s stack positions out of 5000i,500n,10000p,200000b,80000s
<c:/texlive/2017/texmf-dist/fonts/type1/public/amsfonts/cm/cmbx10.pfb><c:/tex
live/2017/texmf-dist/fonts/type1/public/amsfonts/cm/cmbx12.pfb><c:/texlive/2017
/texmf-dist/fonts/type1/public/amsfonts/cm/cmbx8.pfb><c:/texlive/2017/texmf-dis
t/fonts/type1/public/amsfonts/cm/cmex10.pfb><c:/texlive/2017/texmf-dist/fonts/t
ype1/public/amsfonts/cmextra/cmex8.pfb><c:/texlive/2017/texmf-dist/fonts/type1/
public/amsfonts/cm/cmmi10.pfb><c:/texlive/2017/texmf-dist/fonts/type1/public/am
sfonts/cm/cmmi12.pfb><c:/texlive/2017/texmf-dist/fonts/type1/public/amsfonts/cm
/cmmi6.pfb><c:/texlive/2017/texmf-dist/fonts/type1/public/amsfonts/cm/cmmi7.pfb
><c:/texlive/2017/texmf-dist/fonts/type1/public/amsfonts/cm/cmmi8.pfb><c:/texli
ve/2017/texmf-dist/fonts/type1/public/amsfonts/cm/cmr10.pfb><c:/texlive/2017/te
xmf-dist/fonts/type1/public/amsfonts/cm/cmr12.pfb><c:/texlive/2017/texmf-dist/f
onts/type1/public/amsfonts/cm/cmr6.pfb><c:/texlive/2017/texmf-dist/fonts/type1/
public/amsfonts/cm/cmr7.pfb><c:/texlive/2017/texmf-dist/fonts/type1/public/amsf
onts/cm/cmr8.pfb><c:/texlive/2017/texmf-dist/fonts/type1/public/amsfonts/cm/cms
y10.pfb><c:/texlive/2017/texmf-dist/fonts/type1/public/amsfonts/cm/cmsy8.pfb><c
:/texlive/2017/texmf-dist/fonts/type1/public/amsfonts/cm/cmti10.pfb><c:/texlive
/2017/texmf-dist/fonts/type1/public/amsfonts/cm/cmti12.pfb><c:/texlive/2017/tex
mf-dist/fonts/type1/public/amsfonts/cm/cmtt10.pfb>
Output written on main_txt_10272017.pdf (17 pages, 865520 bytes).
PDF statistics:
 145 PDF objects out of 1000 (max. 8388607)
 99 compressed objects within 1 object stream
 0 named destinations out of 1000 (max. 500000)
 31 words of extra memory for PDF output out of 10000 (max. 10000000)

